<?xml version="1.0" encoding="UTF-8"?>
<!-- Generated by org.testng.reporters.JUnitReportReporter -->
<testsuite hostname="DESKTOP-Q1LI5GB" failures="0" tests="1" name="com.crm.verifyTripTest.VerifyBookedTripFromAdminTest" time="4.924" errors="0" timestamp="2022-08-10T16:22:06 IST" skipped="0">
  <testcase classname="com.crm.verifyTripTest.VerifyBookedTripFromAdminTest" name="verifyBookedTripFromAdminTest" time="4.924"/>
  <system-out/>
</testsuite> <!-- com.crm.verifyTripTest.VerifyBookedTripFromAdminTest -->
