<?xml version="1.0" encoding="UTF-8"?>
<!-- Generated by org.testng.reporters.JUnitReportReporter -->
<testsuite hostname="DESKTOP-9BRV9HA" failures="0" tests="1" name="com.crm.createUser.BookAPackageInHomeTest" time="5.071" errors="0" timestamp="2022-08-10T17:46:23 IST" skipped="0">
  <testcase classname="com.crm.createUser.BookAPackageInHomeTest" name="bookAPackageInHomeTest" time="5.071"/>
  <system-out>
    <![CDATA[pass package is booked]]>
  </system-out>
</testsuite> <!-- com.crm.createUser.BookAPackageInHomeTest -->
