<?xml version="1.0" encoding="UTF-8"?>
<!-- Generated by org.testng.reporters.JUnitReportReporter -->
<testsuite hostname="LAPTOP-AFCS0RCN" failures="0" tests="1" name="createTourPackage.CreateTourPackageTest" time="9.080" errors="0" timestamp="2022-08-10T17:48:00 IST" skipped="0">
  <testcase classname="createTourPackage.CreateTourPackageTest" name="createTourPackage" time="9.080"/>
  <system-out/>
</testsuite> <!-- createTourPackage.CreateTourPackageTest -->
