<?xml version="1.0" encoding="UTF-8"?>
<!-- Generated by org.testng.reporters.JUnitReportReporter -->
<testsuite hostname="DESKTOP-CU5DURS" failures="0" tests="1" name="com.crm.dashBoard.ToCreateandVerifyManageEnquiriesTest" time="5.418" errors="0" timestamp="2022-08-10T17:54:05 IST" skipped="0">
  <testcase classname="com.crm.dashBoard.ToCreateandVerifyManageEnquiriesTest" name="toCreateandVerifyManageEnquiriesTest" time="5.418"/>
  <system-out>
    <![CDATA[enquerysuccess
manage and verify successful]]>
  </system-out>
</testsuite> <!-- com.crm.dashBoard.ToCreateandVerifyManageEnquiriesTest -->
