<?xml version="1.0" encoding="UTF-8"?>
<!-- Generated by org.testng.reporters.JUnitReportReporter -->
<testsuite hostname="DESKTOP-9BRV9HA" failures="0" tests="1" name="com.crm.createUser.CreateAUserAndVerifyTest" time="13.790" errors="0" timestamp="2022-08-05T12:17:27 IST" skipped="0">
  <testcase classname="com.crm.createUser.CreateAUserAndVerifyTest" name="createAUserAndVerifyTest" time="13.790"/>
  <system-out/>
</testsuite> <!-- com.crm.createUser.CreateAUserAndVerifyTest -->
