<?xml version="1.0" encoding="UTF-8"?>
<!-- Generated by org.testng.reporters.JUnitReportReporter -->
<testsuite hostname="DESKTOP-CU5DURS" failures="0" tests="1" name="com.crm.dashBoardpage.TocreateVerifyissuesTest" time="13.978" errors="0" timestamp="2022-08-10T11:46:57 IST" skipped="0">
  <testcase classname="com.crm.dashBoardpage.TocreateVerifyissuesTest" name="tocreateVerifyissuesTest" time="13.978"/>
  <system-out>
    <![CDATA[# Ticket Id Issue Description Admin Remark Reg Date Remark date
1 #TKT-11 Booking Issues booking issues inmanali issue solved just check once again 2022-08-03 18:06:43 2022-08-03 18:08:46
2 #TKT-22 Cancellation booking issues inmanali 2022-08-09 17:15:56
3 #TKT-32 Cancellation booking issues please check and clarify 2022-08-10 11:19:08
4 #TKT-33 Cancellation cancellation 2022-08-10 11:19:55
5 #TKT-34 Cancellation booking issues please check and clarify 2022-08-10 11:46:47]]>
  </system-out>
</testsuite> <!-- com.crm.dashBoardpage.TocreateVerifyissuesTest -->
