<?xml version="1.0" encoding="UTF-8"?>
<!-- Generated by org.testng.reporters.JUnitReportReporter -->
<testsuite hostname="DESKTOP-9BRV9HA" failures="0" tests="1" name="com.crm.createUser.CreateAUserAndVerifyInAdminTest" time="5.923" errors="0" timestamp="2022-08-10T17:04:03 IST" skipped="0">
  <testcase classname="com.crm.createUser.CreateAUserAndVerifyInAdminTest" name="createAUserAndVerifyTest" time="5.923"/>
  <system-out>
    <![CDATA[user is created
user is created and verified in admin page]]>
  </system-out>
</testsuite> <!-- com.crm.createUser.CreateAUserAndVerifyInAdminTest -->
