<?xml version="1.0" encoding="UTF-8"?>
<!-- Generated by org.testng.reporters.JUnitReportReporter -->
<testsuite hostname="DESKTOP-9BRV9HA" failures="0" tests="1" name="com.crm.createUser.CreateAUserAndVerifyInAdminTest" time="6.647" errors="0" timestamp="2022-08-10T10:39:56 IST" skipped="0">
  <testcase classname="com.crm.createUser.CreateAUserAndVerifyInAdminTest" name="createAUserAndVerifyTest" time="6.647"/>
  <system-out/>
</testsuite> <!-- com.crm.createUser.CreateAUserAndVerifyInAdminTest -->
