<?xml version="1.0" encoding="UTF-8"?>
<!-- Generated by org.testng.reporters.JUnitReportReporter -->
<testsuite hostname="DESKTOP-ABFM4D1" failures="0" tests="1" name="enquiryForm.CreateEnquiryFormTest" time="8.390" errors="0" timestamp="2022-08-11T17:02:43 IST" skipped="0">
  <testcase classname="enquiryForm.CreateEnquiryFormTest" name="CreateEnquiryForm" time="8.390"/>
  <system-out/>
</testsuite> <!-- enquiryForm.CreateEnquiryFormTest -->
