<?xml version="1.0" encoding="UTF-8"?>
<!-- Generated by org.testng.reporters.JUnitReportReporter -->
<testsuite hostname="DESKTOP-CU5DURS" failures="0" tests="1" name="com.crm.dashBoard.ToVerifymanageissuesInAdminTest" time="2.176" errors="0" timestamp="2022-08-10T17:42:04 IST" skipped="0">
  <testcase classname="com.crm.dashBoard.ToVerifymanageissuesInAdminTest" name="toVerifymanageissuesInAdminTest" time="2.176"/>
  <system-out>
    <![CDATA[Manage Issues]]>
  </system-out>
</testsuite> <!-- com.crm.dashBoard.ToVerifymanageissuesInAdminTest -->
