<?xml version="1.0" encoding="UTF-8"?>
<!-- Generated by org.testng.reporters.JUnitReportReporter -->
<testsuite hostname="LAPTOP-AFCS0RCN" failures="0" tests="1" name="managePackages.ManagePackageTest" time="9.843" errors="0" timestamp="2022-08-11T15:50:52 IST" skipped="0">
  <testcase classname="managePackages.ManagePackageTest" name="managePackageTest" time="9.843"/>
  <system-out/>
</testsuite> <!-- managePackages.ManagePackageTest -->
