<?xml version="1.0" encoding="UTF-8"?>
<!-- Generated by org.testng.reporters.JUnitReportReporter -->
<testsuite hostname="DESKTOP-9BRV9HA" failures="0" tests="1" name="com.crm.createUser.CreateAUserAndVerifyTest" time="3.237" errors="0" timestamp="2022-08-10T16:55:59 IST" skipped="0">
  <testcase classname="com.crm.createUser.CreateAUserAndVerifyTest" name="createAUserAndVerifyTest" time="3.237"/>
  <system-out>
    <![CDATA[user is created]]>
  </system-out>
</testsuite> <!-- com.crm.createUser.CreateAUserAndVerifyTest -->
