<?xml version="1.0" encoding="UTF-8"?>
<!-- Generated by org.testng.reporters.JUnitReportReporter -->
<testsuite hostname="DESKTOP-Q1LI5GB" failures="0" tests="1" name="managePagesTest.ManagePagesInAdminDashboard" time="3.226" errors="0" timestamp="2022-08-10T18:03:38 IST" skipped="0">
  <testcase classname="managePagesTest.ManagePagesInAdminDashboard" name="managePagesInAdminDashboard" time="3.226"/>
  <system-out/>
</testsuite> <!-- managePagesTest.ManagePagesInAdminDashboard -->
