<?xml version="1.0" encoding="UTF-8"?>
<!-- Generated by org.testng.reporters.JUnitReportReporter -->
<testsuite hostname="DESKTOP-9BRV9HA" failures="0" tests="1" name="com.crm.createUser.CreateAUserAndBookPackageTest" time="22.097" errors="0" timestamp="2022-08-11T15:59:27 IST" skipped="0">
  <testcase classname="com.crm.createUser.CreateAUserAndBookPackageTest" name="createAUserAndBookPackageTest" time="22.097"/>
  <system-out>
    <![CDATA[user is created
user is created and verified in admin page
pass package is booked]]>
  </system-out>
</testsuite> <!-- com.crm.createUser.CreateAUserAndBookPackageTest -->
