<?xml version="1.0" encoding="UTF-8"?>
<!-- Generated by org.testng.reporters.JUnitReportReporter -->
<testsuite hostname="DESKTOP-CU5DURS" failures="0" tests="1" name="com.crm.dashBoardpage.ToVerifyDashboardTest" time="1.827" errors="0" timestamp="2022-08-09T16:23:04 IST" skipped="0">
  <testcase classname="com.crm.dashBoardpage.ToVerifyDashboardTest" name="toVerifyDashboardTest" time="1.827"/>
  <system-out/>
</testsuite> <!-- com.crm.dashBoardpage.ToVerifyDashboardTest -->
