<?xml version="1.0" encoding="UTF-8"?>
<!-- Generated by org.testng.reporters.JUnitReportReporter -->
<testsuite hostname="DESKTOP-ABFM4D1" failures="0" tests="1" name="manageBook.ManageBookingTest" time="26.935" errors="0" timestamp="2022-08-11T14:56:54 IST" skipped="0">
  <testcase classname="manageBook.ManageBookingTest" name="ManageBooking" time="26.935"/>
  <system-out/>
</testsuite> <!-- manageBook.ManageBookingTest -->
