<?xml version="1.0" encoding="UTF-8"?>
<!-- Generated by org.testng.reporters.JUnitReportReporter -->
<testsuite hostname="DESKTOP-CU5DURS" failures="0" tests="1" name="com.crm.createUser.CreateAUserAndVerifyTest" time="3.483" errors="0" timestamp="2022-08-09T16:05:55 IST" skipped="0">
  <testcase classname="com.crm.createUser.CreateAUserAndVerifyTest" name="createAUserAndVerifyTest" time="3.483"/>
  <system-out/>
</testsuite> <!-- com.crm.createUser.CreateAUserAndVerifyTest -->
